[05-29 00:56:37]: [INFO] Created column 'regdate' and set the current timestamp, 1716933397704, to all 0 rows
[05-29 00:56:37]: [INFO] SQLite Setup finished
[05-29 00:56:37]: [INFO] Hooked into PermissionsEx!
[05-29 00:56:37]: [INFO] Hooked successfully into Essentials
[05-29 00:56:37]: [INFO] Hooked successfully into Multiverse-Core
[05-29 00:56:37]: [INFO] Essentials spawn file not found: '/home/container/plugins/Essentials/spawn.yml'
[05-29 00:56:39]: [INFO] AuthMe 5.6.0-SNAPSHOT build n.2623 successfully enabled!
[05-29 00:56:40]: [INFO] Downloading GEO IP database, because the old database is older than 30 days or doesn't exist
[05-29 00:56:40]: [WARN] No MaxMind credentials found in the configuration file! GeoIp protections will be disabled.
[05-29 00:56:40]: [INFO] There is no newer GEO IP database uploaded to MaxMind. Using the old one for now.
[05-29 00:56:40]: [WARN] Could not download GeoLiteAPI database [FileNotFoundException]: plugins/AuthMe/GeoLite2-Country.mmdb (No such file or directory)
[05-29 00:56:40]: java.io.FileNotFoundException: plugins/AuthMe/GeoLite2-Country.mmdb (No such file or directory)
	at java.base/java.io.RandomAccessFile.open0(Native Method)
	at java.base/java.io.RandomAccessFile.open(RandomAccessFile.java:344)
	at java.base/java.io.RandomAccessFile.<init>(RandomAccessFile.java:259)
	at java.base/java.io.RandomAccessFile.<init>(RandomAccessFile.java:213)
	at fr.xephi.authme.libs.com.maxmind.db.BufferHolder.<init>(BufferHolder.java:20)
	at fr.xephi.authme.libs.com.maxmind.db.Reader.<init>(Reader.java:121)
	at fr.xephi.authme.service.GeoIpService.startReading(GeoIpService.java:179)
	at fr.xephi.authme.service.GeoIpService.updateDatabase(GeoIpService.java:150)
	at org.bukkit.craftbukkit.v1_19_R2.scheduler.CraftTask.run(CraftTask.java:82)
	at org.bukkit.craftbukkit.v1_19_R2.scheduler.CraftAsyncTask.run(CraftAsyncTask.java:54)
	at java.base/java.util.concurrent.ThreadPoolExecutor.runWorker(ThreadPoolExecutor.java:1136)
	at java.base/java.util.concurrent.ThreadPoolExecutor$Worker.run(ThreadPoolExecutor.java:635)
	at java.base/java.lang.Thread.run(Thread.java:840)

[05-29 00:57:04]: [FINE] woofstaiel registered 212.32.207.254
[05-29 00:57:04]: [FINE] woofstaiel logged in 212.32.207.254
[05-29 00:57:15]: [FINE] max_zaits registered 80.251.228.33
[05-29 00:57:15]: [FINE] max_zaits logged in 80.251.228.33
[05-29 01:03:43]: [FINE] max_zaits logged in 80.251.228.33
[05-29 01:03:56]: [FINE] max_zaits logged in 80.251.228.33
[05-29 01:03:59]: [FINE] woofstaiel logged in 212.32.207.254
[05-29 01:04:08]: [FINE] max_zaits logged in 80.251.228.33
[05-29 01:04:46]: [INFO] AuthMe 5.6.0-SNAPSHOT-b2623 disabled!
[05-29 01:06:07]: [INFO] SQLite Setup finished
[05-29 01:06:10]: [INFO] Hooked into PermissionsEx!
[05-29 01:06:10]: [INFO] Hooked successfully into Essentials
[05-29 01:06:10]: [INFO] Hooked successfully into Multiverse-Core
[05-29 01:06:10]: [INFO] Essentials spawn file not found: '/home/container/plugins/Essentials/spawn.yml'
[05-29 01:06:10]: [INFO] AuthMe 5.6.0-SNAPSHOT build n.2623 successfully enabled!
[05-29 01:06:10]: [INFO] Downloading GEO IP database, because the old database is older than 30 days or doesn't exist
[05-29 01:06:10]: [WARN] No MaxMind credentials found in the configuration file! GeoIp protections will be disabled.
[05-29 01:06:10]: [INFO] There is no newer GEO IP database uploaded to MaxMind. Using the old one for now.
[05-29 01:06:10]: [WARN] Could not download GeoLiteAPI database [FileNotFoundException]: plugins/AuthMe/GeoLite2-Country.mmdb (No such file or directory)
[05-29 01:06:10]: java.io.FileNotFoundException: plugins/AuthMe/GeoLite2-Country.mmdb (No such file or directory)
	at java.base/java.io.RandomAccessFile.open0(Native Method)
	at java.base/java.io.RandomAccessFile.open(RandomAccessFile.java:344)
	at java.base/java.io.RandomAccessFile.<init>(RandomAccessFile.java:259)
	at java.base/java.io.RandomAccessFile.<init>(RandomAccessFile.java:213)
	at fr.xephi.authme.libs.com.maxmind.db.BufferHolder.<init>(BufferHolder.java:20)
	at fr.xephi.authme.libs.com.maxmind.db.Reader.<init>(Reader.java:121)
	at fr.xephi.authme.service.GeoIpService.startReading(GeoIpService.java:179)
	at fr.xephi.authme.service.GeoIpService.updateDatabase(GeoIpService.java:150)
	at org.bukkit.craftbukkit.v1_19_R2.scheduler.CraftTask.run(CraftTask.java:82)
	at org.bukkit.craftbukkit.v1_19_R2.scheduler.CraftAsyncTask.run(CraftAsyncTask.java:54)
	at java.base/java.util.concurrent.ThreadPoolExecutor.runWorker(ThreadPoolExecutor.java:1136)
	at java.base/java.util.concurrent.ThreadPoolExecutor$Worker.run(ThreadPoolExecutor.java:635)
	at java.base/java.lang.Thread.run(Thread.java:840)

[05-29 01:06:31]: [FINE] max_zaits logged in 80.251.228.33
[05-29 01:06:36]: [FINE] woofstaiel logged in 212.32.207.254
[05-29 01:10:14]: [INFO] AuthMe 5.6.0-SNAPSHOT-b2623 disabled!
[05-29 01:11:35]: [INFO] SQLite Setup finished
[05-29 01:11:35]: [INFO] Hooked into PermissionsEx!
[05-29 01:11:35]: [INFO] Hooked successfully into Essentials
[05-29 01:11:35]: [INFO] Hooked successfully into Multiverse-Core
[05-29 01:11:35]: [INFO] Essentials spawn file not found: '/home/container/plugins/Essentials/spawn.yml'
[05-29 01:11:35]: [INFO] AuthMe 5.6.0-SNAPSHOT build n.2623 successfully enabled!
[05-29 01:11:36]: [INFO] Downloading GEO IP database, because the old database is older than 30 days or doesn't exist
[05-29 01:11:36]: [WARN] No MaxMind credentials found in the configuration file! GeoIp protections will be disabled.
[05-29 01:11:36]: [INFO] There is no newer GEO IP database uploaded to MaxMind. Using the old one for now.
[05-29 01:11:36]: [WARN] Could not download GeoLiteAPI database [FileNotFoundException]: plugins/AuthMe/GeoLite2-Country.mmdb (No such file or directory)
[05-29 01:11:36]: java.io.FileNotFoundException: plugins/AuthMe/GeoLite2-Country.mmdb (No such file or directory)
	at java.base/java.io.RandomAccessFile.open0(Native Method)
	at java.base/java.io.RandomAccessFile.open(RandomAccessFile.java:344)
	at java.base/java.io.RandomAccessFile.<init>(RandomAccessFile.java:259)
	at java.base/java.io.RandomAccessFile.<init>(RandomAccessFile.java:213)
	at fr.xephi.authme.libs.com.maxmind.db.BufferHolder.<init>(BufferHolder.java:20)
	at fr.xephi.authme.libs.com.maxmind.db.Reader.<init>(Reader.java:121)
	at fr.xephi.authme.service.GeoIpService.startReading(GeoIpService.java:179)
	at fr.xephi.authme.service.GeoIpService.updateDatabase(GeoIpService.java:150)
	at org.bukkit.craftbukkit.v1_19_R2.scheduler.CraftTask.run(CraftTask.java:82)
	at org.bukkit.craftbukkit.v1_19_R2.scheduler.CraftAsyncTask.run(CraftAsyncTask.java:54)
	at java.base/java.util.concurrent.ThreadPoolExecutor.runWorker(ThreadPoolExecutor.java:1136)
	at java.base/java.util.concurrent.ThreadPoolExecutor$Worker.run(ThreadPoolExecutor.java:635)
	at java.base/java.lang.Thread.run(Thread.java:840)

[05-29 01:11:49]: [FINE] max_zaits logged in 80.251.228.33
[05-29 01:11:59]: [FINE] max_zaits logged in 80.251.228.33
[05-29 01:12:09]: [FINE] max_zaits logged in 80.251.228.33
[05-29 02:05:07]: [INFO] SQLite Setup finished
[05-29 02:05:07]: [INFO] Hooked into PermissionsEx!
[05-29 02:05:07]: [INFO] Hooked successfully into Essentials
[05-29 02:05:07]: [INFO] Hooked successfully into Multiverse-Core
[05-29 02:05:07]: [INFO] Essentials spawn file not found: '/home/container/plugins/Essentials/spawn.yml'
[05-29 02:05:07]: [INFO] AuthMe 5.6.0-SNAPSHOT build n.2623 successfully enabled!
[05-29 02:05:07]: [INFO] Downloading GEO IP database, because the old database is older than 30 days or doesn't exist
[05-29 02:05:07]: [WARN] No MaxMind credentials found in the configuration file! GeoIp protections will be disabled.
[05-29 02:05:07]: [INFO] There is no newer GEO IP database uploaded to MaxMind. Using the old one for now.
[05-29 02:05:07]: [WARN] Could not download GeoLiteAPI database [FileNotFoundException]: plugins/AuthMe/GeoLite2-Country.mmdb (No such file or directory)
[05-29 02:05:07]: java.io.FileNotFoundException: plugins/AuthMe/GeoLite2-Country.mmdb (No such file or directory)
	at java.base/java.io.RandomAccessFile.open0(Native Method)
	at java.base/java.io.RandomAccessFile.open(RandomAccessFile.java:344)
	at java.base/java.io.RandomAccessFile.<init>(RandomAccessFile.java:259)
	at java.base/java.io.RandomAccessFile.<init>(RandomAccessFile.java:213)
	at fr.xephi.authme.libs.com.maxmind.db.BufferHolder.<init>(BufferHolder.java:20)
	at fr.xephi.authme.libs.com.maxmind.db.Reader.<init>(Reader.java:121)
	at fr.xephi.authme.service.GeoIpService.startReading(GeoIpService.java:179)
	at fr.xephi.authme.service.GeoIpService.updateDatabase(GeoIpService.java:150)
	at org.bukkit.craftbukkit.v1_19_R2.scheduler.CraftTask.run(CraftTask.java:82)
	at org.bukkit.craftbukkit.v1_19_R2.scheduler.CraftAsyncTask.run(CraftAsyncTask.java:54)
	at java.base/java.util.concurrent.ThreadPoolExecutor.runWorker(ThreadPoolExecutor.java:1136)
	at java.base/java.util.concurrent.ThreadPoolExecutor$Worker.run(ThreadPoolExecutor.java:635)
	at java.base/java.lang.Thread.run(Thread.java:840)

[05-29 02:09:59]: [FINE] max_zaits logged in 80.251.228.33
[05-29 02:10:10]: [FINE] max_zaits logged in 80.251.228.33
[05-29 02:10:38]: [FINE] max_zaits logged in 80.251.228.33
[05-29 10:59:49]: [FINE] ne_puzir registered 212.248.89.194
[05-29 10:59:49]: [FINE] ne_puzir logged in 212.248.89.194
[05-29 14:08:56]: [FINE] ne_puzir logged in 212.248.89.198
[05-29 14:41:17]: [FINE] ne_puzir logged in 31.173.83.84
[05-29 14:42:27]: [FINE] ne_puzir logged in 212.248.89.198
[05-29 14:43:55]: [INFO] AuthMe 5.6.0-SNAPSHOT-b2623 disabled!
[05-29 14:44:08]: [INFO] SQLite Setup finished
[05-29 14:44:08]: [INFO] Hooked into PermissionsEx!
[05-29 14:44:08]: [INFO] Hooked successfully into Essentials
[05-29 14:44:08]: [INFO] Hooked successfully into Multiverse-Core
[05-29 14:44:08]: [INFO] Essentials spawn file not found: '/home/container/plugins/Essentials/spawn.yml'
[05-29 14:44:08]: [INFO] AuthMe 5.6.0-SNAPSHOT build n.2623 successfully enabled!
[05-29 14:44:09]: [INFO] Downloading GEO IP database, because the old database is older than 30 days or doesn't exist
[05-29 14:44:09]: [WARN] No MaxMind credentials found in the configuration file! GeoIp protections will be disabled.
[05-29 14:44:09]: [INFO] There is no newer GEO IP database uploaded to MaxMind. Using the old one for now.
[05-29 14:44:09]: [WARN] Could not download GeoLiteAPI database [FileNotFoundException]: plugins/AuthMe/GeoLite2-Country.mmdb (No such file or directory)
[05-29 14:44:09]: java.io.FileNotFoundException: plugins/AuthMe/GeoLite2-Country.mmdb (No such file or directory)
	at java.base/java.io.RandomAccessFile.open0(Native Method)
	at java.base/java.io.RandomAccessFile.open(RandomAccessFile.java:344)
	at java.base/java.io.RandomAccessFile.<init>(RandomAccessFile.java:259)
	at java.base/java.io.RandomAccessFile.<init>(RandomAccessFile.java:213)
	at fr.xephi.authme.libs.com.maxmind.db.BufferHolder.<init>(BufferHolder.java:20)
	at fr.xephi.authme.libs.com.maxmind.db.Reader.<init>(Reader.java:121)
	at fr.xephi.authme.service.GeoIpService.startReading(GeoIpService.java:179)
	at fr.xephi.authme.service.GeoIpService.updateDatabase(GeoIpService.java:150)
	at org.bukkit.craftbukkit.v1_19_R2.scheduler.CraftTask.run(CraftTask.java:82)
	at org.bukkit.craftbukkit.v1_19_R2.scheduler.CraftAsyncTask.run(CraftAsyncTask.java:54)
	at java.base/java.util.concurrent.ThreadPoolExecutor.runWorker(ThreadPoolExecutor.java:1136)
	at java.base/java.util.concurrent.ThreadPoolExecutor$Worker.run(ThreadPoolExecutor.java:635)
	at java.base/java.lang.Thread.run(Thread.java:840)

[05-29 14:47:16]: [INFO] AuthMe 5.6.0-SNAPSHOT-b2623 disabled!
[05-29 14:48:48]: [INFO] SQLite Setup finished
[05-29 14:48:48]: [INFO] Hooked into PermissionsEx!
[05-29 14:48:48]: [INFO] Hooked successfully into Essentials
[05-29 14:48:48]: [INFO] Hooked successfully into Multiverse-Core
[05-29 14:48:48]: [INFO] Essentials spawn file not found: '/home/container/plugins/Essentials/spawn.yml'
[05-29 14:48:48]: [INFO] AuthMe 5.6.0-SNAPSHOT build n.2623 successfully enabled!
[05-29 14:48:51]: [INFO] Downloading GEO IP database, because the old database is older than 30 days or doesn't exist
[05-29 14:48:51]: [WARN] No MaxMind credentials found in the configuration file! GeoIp protections will be disabled.
[05-29 14:48:51]: [INFO] There is no newer GEO IP database uploaded to MaxMind. Using the old one for now.
[05-29 14:48:51]: [WARN] Could not download GeoLiteAPI database [FileNotFoundException]: plugins/AuthMe/GeoLite2-Country.mmdb (No such file or directory)
[05-29 14:48:51]: java.io.FileNotFoundException: plugins/AuthMe/GeoLite2-Country.mmdb (No such file or directory)
	at java.base/java.io.RandomAccessFile.open0(Native Method)
	at java.base/java.io.RandomAccessFile.open(RandomAccessFile.java:344)
	at java.base/java.io.RandomAccessFile.<init>(RandomAccessFile.java:259)
	at java.base/java.io.RandomAccessFile.<init>(RandomAccessFile.java:213)
	at fr.xephi.authme.libs.com.maxmind.db.BufferHolder.<init>(BufferHolder.java:20)
	at fr.xephi.authme.libs.com.maxmind.db.Reader.<init>(Reader.java:121)
	at fr.xephi.authme.service.GeoIpService.startReading(GeoIpService.java:179)
	at fr.xephi.authme.service.GeoIpService.updateDatabase(GeoIpService.java:150)
	at org.bukkit.craftbukkit.v1_19_R2.scheduler.CraftTask.run(CraftTask.java:82)
	at org.bukkit.craftbukkit.v1_19_R2.scheduler.CraftAsyncTask.run(CraftAsyncTask.java:54)
	at java.base/java.util.concurrent.ThreadPoolExecutor.runWorker(ThreadPoolExecutor.java:1136)
	at java.base/java.util.concurrent.ThreadPoolExecutor$Worker.run(ThreadPoolExecutor.java:635)
	at java.base/java.lang.Thread.run(Thread.java:840)

[05-29 14:50:26]: [FINE] ne_puzir logged in 212.248.89.198
[05-29 15:32:29]: [FINE] ne_puzir used the wrong password
[05-29 15:32:44]: [FINE] ne_puzir logged in 212.248.89.198
[05-29 20:24:36]: [FINE] Never3Hood registered 95.73.222.213
[05-29 20:24:36]: [FINE] Never3Hood logged in 95.73.222.213
[05-30 02:20:42]: [FINE] max_zaits logged in 80.251.228.33
[05-30 03:08:54]: [FINE] max_zaits logged in 80.251.228.33
[05-30 03:17:04]: [INFO] AuthMe 5.6.0-SNAPSHOT-b2623 disabled!
[05-30 03:18:17]: [INFO] SQLite Setup finished
[05-30 03:18:17]: [INFO] Hooked into PermissionsEx!
[05-30 03:18:17]: [INFO] Hooked successfully into Essentials
[05-30 03:18:17]: [INFO] Hooked successfully into Multiverse-Core
[05-30 03:18:17]: [INFO] Essentials spawn file not found: '/home/container/plugins/Essentials/spawn.yml'
[05-30 03:18:17]: [INFO] AuthMe 5.6.0-SNAPSHOT build n.2623 successfully enabled!
[05-30 03:18:18]: [INFO] Downloading GEO IP database, because the old database is older than 30 days or doesn't exist
[05-30 03:18:18]: [WARN] No MaxMind credentials found in the configuration file! GeoIp protections will be disabled.
[05-30 03:18:18]: [INFO] There is no newer GEO IP database uploaded to MaxMind. Using the old one for now.
[05-30 03:18:18]: [WARN] Could not download GeoLiteAPI database [FileNotFoundException]: plugins/AuthMe/GeoLite2-Country.mmdb (No such file or directory)
[05-30 03:18:18]: java.io.FileNotFoundException: plugins/AuthMe/GeoLite2-Country.mmdb (No such file or directory)
	at java.base/java.io.RandomAccessFile.open0(Native Method)
	at java.base/java.io.RandomAccessFile.open(RandomAccessFile.java:344)
	at java.base/java.io.RandomAccessFile.<init>(RandomAccessFile.java:259)
	at java.base/java.io.RandomAccessFile.<init>(RandomAccessFile.java:213)
	at fr.xephi.authme.libs.com.maxmind.db.BufferHolder.<init>(BufferHolder.java:20)
	at fr.xephi.authme.libs.com.maxmind.db.Reader.<init>(Reader.java:121)
	at fr.xephi.authme.service.GeoIpService.startReading(GeoIpService.java:179)
	at fr.xephi.authme.service.GeoIpService.updateDatabase(GeoIpService.java:150)
	at org.bukkit.craftbukkit.v1_19_R2.scheduler.CraftTask.run(CraftTask.java:82)
	at org.bukkit.craftbukkit.v1_19_R2.scheduler.CraftAsyncTask.run(CraftAsyncTask.java:54)
	at java.base/java.util.concurrent.ThreadPoolExecutor.runWorker(ThreadPoolExecutor.java:1136)
	at java.base/java.util.concurrent.ThreadPoolExecutor$Worker.run(ThreadPoolExecutor.java:635)
	at java.base/java.lang.Thread.run(Thread.java:840)

[05-30 03:18:44]: [FINE] max_zaits logged in 80.251.228.33
[05-30 03:21:13]: [INFO] AuthMe 5.6.0-SNAPSHOT-b2623 disabled!
[05-30 03:22:25]: [INFO] SQLite Setup finished
[05-30 03:22:25]: [INFO] Hooked into PermissionsEx!
[05-30 03:22:25]: [INFO] Hooked successfully into Essentials
[05-30 03:22:25]: [INFO] Hooked successfully into Multiverse-Core
[05-30 03:22:25]: [INFO] Essentials spawn file not found: '/home/container/plugins/Essentials/spawn.yml'
[05-30 03:22:25]: [INFO] AuthMe 5.6.0-SNAPSHOT build n.2623 successfully enabled!
[05-30 03:22:26]: [INFO] Downloading GEO IP database, because the old database is older than 30 days or doesn't exist
[05-30 03:22:26]: [WARN] No MaxMind credentials found in the configuration file! GeoIp protections will be disabled.
[05-30 03:22:26]: [INFO] There is no newer GEO IP database uploaded to MaxMind. Using the old one for now.
[05-30 03:22:26]: [WARN] Could not download GeoLiteAPI database [FileNotFoundException]: plugins/AuthMe/GeoLite2-Country.mmdb (No such file or directory)
[05-30 03:22:26]: java.io.FileNotFoundException: plugins/AuthMe/GeoLite2-Country.mmdb (No such file or directory)
	at java.base/java.io.RandomAccessFile.open0(Native Method)
	at java.base/java.io.RandomAccessFile.open(RandomAccessFile.java:344)
	at java.base/java.io.RandomAccessFile.<init>(RandomAccessFile.java:259)
	at java.base/java.io.RandomAccessFile.<init>(RandomAccessFile.java:213)
	at fr.xephi.authme.libs.com.maxmind.db.BufferHolder.<init>(BufferHolder.java:20)
	at fr.xephi.authme.libs.com.maxmind.db.Reader.<init>(Reader.java:121)
	at fr.xephi.authme.service.GeoIpService.startReading(GeoIpService.java:179)
	at fr.xephi.authme.service.GeoIpService.updateDatabase(GeoIpService.java:150)
	at org.bukkit.craftbukkit.v1_19_R2.scheduler.CraftTask.run(CraftTask.java:82)
	at org.bukkit.craftbukkit.v1_19_R2.scheduler.CraftAsyncTask.run(CraftAsyncTask.java:54)
	at java.base/java.util.concurrent.ThreadPoolExecutor.runWorker(ThreadPoolExecutor.java:1136)
	at java.base/java.util.concurrent.ThreadPoolExecutor$Worker.run(ThreadPoolExecutor.java:635)
	at java.base/java.lang.Thread.run(Thread.java:840)

[05-30 03:22:37]: [FINE] max_zaits logged in 80.251.228.33
[05-30 03:23:17]: [FINE] max_zaits2 registered 80.251.228.33
[05-30 03:23:17]: [FINE] The user max_zaits2 has 2 accounts:
[05-30 03:23:17]: [FINE] §7§amax_zaits§7, §amax_zaits2§7.
[05-30 03:23:17]: [FINE] max_zaits2 logged in 80.251.228.33
[05-30 12:01:05]: [INFO] AuthMe 5.6.0-SNAPSHOT-b2623 disabled!
[05-30 12:02:25]: [INFO] SQLite Setup finished
[05-30 12:02:25]: [INFO] Hooked into PermissionsEx!
[05-30 12:02:25]: [INFO] Hooked successfully into Essentials
[05-30 12:02:25]: [INFO] Hooked successfully into Multiverse-Core
[05-30 12:02:25]: [INFO] Essentials spawn file not found: '/home/container/plugins/Essentials/spawn.yml'
[05-30 12:02:25]: [INFO] AuthMe 5.6.0-SNAPSHOT build n.2623 successfully enabled!
[05-30 12:02:26]: [INFO] Downloading GEO IP database, because the old database is older than 30 days or doesn't exist
[05-30 12:02:26]: [WARN] No MaxMind credentials found in the configuration file! GeoIp protections will be disabled.
[05-30 12:02:26]: [INFO] There is no newer GEO IP database uploaded to MaxMind. Using the old one for now.
[05-30 12:02:26]: [WARN] Could not download GeoLiteAPI database [FileNotFoundException]: plugins/AuthMe/GeoLite2-Country.mmdb (No such file or directory)
[05-30 12:02:26]: java.io.FileNotFoundException: plugins/AuthMe/GeoLite2-Country.mmdb (No such file or directory)
	at java.base/java.io.RandomAccessFile.open0(Native Method)
	at java.base/java.io.RandomAccessFile.open(RandomAccessFile.java:344)
	at java.base/java.io.RandomAccessFile.<init>(RandomAccessFile.java:259)
	at java.base/java.io.RandomAccessFile.<init>(RandomAccessFile.java:213)
	at fr.xephi.authme.libs.com.maxmind.db.BufferHolder.<init>(BufferHolder.java:20)
	at fr.xephi.authme.libs.com.maxmind.db.Reader.<init>(Reader.java:121)
	at fr.xephi.authme.service.GeoIpService.startReading(GeoIpService.java:179)
	at fr.xephi.authme.service.GeoIpService.updateDatabase(GeoIpService.java:150)
	at org.bukkit.craftbukkit.v1_19_R2.scheduler.CraftTask.run(CraftTask.java:82)
	at org.bukkit.craftbukkit.v1_19_R2.scheduler.CraftAsyncTask.run(CraftAsyncTask.java:54)
	at java.base/java.util.concurrent.ThreadPoolExecutor.runWorker(ThreadPoolExecutor.java:1136)
	at java.base/java.util.concurrent.ThreadPoolExecutor$Worker.run(ThreadPoolExecutor.java:635)
	at java.base/java.lang.Thread.run(Thread.java:840)

[05-30 12:04:07]: [FINE] ne_puzir logged in 212.248.89.198
[05-30 12:08:34]: [FINE] ne_puzir logged in 45.137.112.255
[05-30 12:23:40]: [FINE] ne_puzir logged in 45.137.112.255
[05-30 12:28:32]: [FINE] ne_puzir logged in 45.137.112.255
[05-30 12:32:37]: [FINE] ne_puzir logged in 45.137.112.255
[05-30 12:44:00]: [INFO] AuthMe 5.6.0-SNAPSHOT-b2623 disabled!
[05-30 12:45:34]: [INFO] SQLite Setup finished
[05-30 12:45:34]: [INFO] Hooked into PermissionsEx!
[05-30 12:45:34]: [INFO] Hooked successfully into Essentials
[05-30 12:45:34]: [INFO] Hooked successfully into Multiverse-Core
[05-30 12:45:34]: [INFO] Essentials spawn file not found: '/home/container/plugins/Essentials/spawn.yml'
[05-30 12:45:34]: [INFO] AuthMe 5.6.0-SNAPSHOT build n.2623 successfully enabled!
[05-30 12:45:36]: [INFO] Downloading GEO IP database, because the old database is older than 30 days or doesn't exist
[05-30 12:45:36]: [WARN] No MaxMind credentials found in the configuration file! GeoIp protections will be disabled.
[05-30 12:45:36]: [INFO] There is no newer GEO IP database uploaded to MaxMind. Using the old one for now.
[05-30 12:45:36]: [WARN] Could not download GeoLiteAPI database [FileNotFoundException]: plugins/AuthMe/GeoLite2-Country.mmdb (No such file or directory)
[05-30 12:45:36]: java.io.FileNotFoundException: plugins/AuthMe/GeoLite2-Country.mmdb (No such file or directory)
	at java.base/java.io.RandomAccessFile.open0(Native Method)
	at java.base/java.io.RandomAccessFile.open(RandomAccessFile.java:344)
	at java.base/java.io.RandomAccessFile.<init>(RandomAccessFile.java:259)
	at java.base/java.io.RandomAccessFile.<init>(RandomAccessFile.java:213)
	at fr.xephi.authme.libs.com.maxmind.db.BufferHolder.<init>(BufferHolder.java:20)
	at fr.xephi.authme.libs.com.maxmind.db.Reader.<init>(Reader.java:121)
	at fr.xephi.authme.service.GeoIpService.startReading(GeoIpService.java:179)
	at fr.xephi.authme.service.GeoIpService.updateDatabase(GeoIpService.java:150)
	at org.bukkit.craftbukkit.v1_19_R2.scheduler.CraftTask.run(CraftTask.java:82)
	at org.bukkit.craftbukkit.v1_19_R2.scheduler.CraftAsyncTask.run(CraftAsyncTask.java:54)
	at java.base/java.util.concurrent.ThreadPoolExecutor.runWorker(ThreadPoolExecutor.java:1136)
	at java.base/java.util.concurrent.ThreadPoolExecutor$Worker.run(ThreadPoolExecutor.java:635)
	at java.base/java.lang.Thread.run(Thread.java:840)

[05-30 12:46:04]: [FINE] ne_puzir logged in 45.137.112.255
[05-30 12:56:10]: [FINE] vladnavalny registered 45.137.112.255
[05-30 12:56:10]: [FINE] The user vladnavalny has 2 accounts:
[05-30 12:56:10]: [FINE] §7ne_puzir, §avladnavalny§7.
[05-30 12:56:10]: [FINE] vladnavalny logged in 45.137.112.255
[05-30 13:06:36]: [INFO] AuthMe 5.6.0-SNAPSHOT-b2623 disabled!
[05-30 13:07:52]: [INFO] SQLite Setup finished
[05-30 13:07:52]: [INFO] Hooked into PermissionsEx!
[05-30 13:07:52]: [INFO] Hooked successfully into Essentials
[05-30 13:07:52]: [INFO] Hooked successfully into Multiverse-Core
[05-30 13:07:52]: [INFO] Essentials spawn file not found: '/home/container/plugins/Essentials/spawn.yml'
[05-30 13:07:52]: [INFO] AuthMe 5.6.0-SNAPSHOT build n.2623 successfully enabled!
[05-30 13:07:54]: [INFO] Downloading GEO IP database, because the old database is older than 30 days or doesn't exist
[05-30 13:07:54]: [WARN] No MaxMind credentials found in the configuration file! GeoIp protections will be disabled.
[05-30 13:07:54]: [INFO] There is no newer GEO IP database uploaded to MaxMind. Using the old one for now.
[05-30 13:07:54]: [WARN] Could not download GeoLiteAPI database [FileNotFoundException]: plugins/AuthMe/GeoLite2-Country.mmdb (No such file or directory)
[05-30 13:07:54]: java.io.FileNotFoundException: plugins/AuthMe/GeoLite2-Country.mmdb (No such file or directory)
	at java.base/java.io.RandomAccessFile.open0(Native Method)
	at java.base/java.io.RandomAccessFile.open(RandomAccessFile.java:344)
	at java.base/java.io.RandomAccessFile.<init>(RandomAccessFile.java:259)
	at java.base/java.io.RandomAccessFile.<init>(RandomAccessFile.java:213)
	at fr.xephi.authme.libs.com.maxmind.db.BufferHolder.<init>(BufferHolder.java:20)
	at fr.xephi.authme.libs.com.maxmind.db.Reader.<init>(Reader.java:121)
	at fr.xephi.authme.service.GeoIpService.startReading(GeoIpService.java:179)
	at fr.xephi.authme.service.GeoIpService.updateDatabase(GeoIpService.java:150)
	at org.bukkit.craftbukkit.v1_19_R2.scheduler.CraftTask.run(CraftTask.java:82)
	at org.bukkit.craftbukkit.v1_19_R2.scheduler.CraftAsyncTask.run(CraftAsyncTask.java:54)
	at java.base/java.util.concurrent.ThreadPoolExecutor.runWorker(ThreadPoolExecutor.java:1136)
	at java.base/java.util.concurrent.ThreadPoolExecutor$Worker.run(ThreadPoolExecutor.java:635)
	at java.base/java.lang.Thread.run(Thread.java:840)

[05-30 13:08:52]: [FINE] The user vladnavalny has 2 accounts:
[05-30 13:08:52]: [FINE] §7ne_puzir, §avladnavalny§7.
[05-30 13:08:52]: [FINE] vladnavalny logged in 45.137.112.255
[05-30 13:18:48]: [INFO] AuthMe 5.6.0-SNAPSHOT-b2623 disabled!
[05-30 13:20:08]: [INFO] SQLite Setup finished
[05-30 13:20:08]: [INFO] Hooked into PermissionsEx!
[05-30 13:20:08]: [INFO] Hooked successfully into Essentials
[05-30 13:20:08]: [INFO] Hooked successfully into Multiverse-Core
[05-30 13:20:08]: [INFO] Essentials spawn file not found: '/home/container/plugins/Essentials/spawn.yml'
[05-30 13:20:08]: [INFO] AuthMe 5.6.0-SNAPSHOT build n.2623 successfully enabled!
[05-30 13:20:11]: [INFO] Downloading GEO IP database, because the old database is older than 30 days or doesn't exist
[05-30 13:20:11]: [WARN] No MaxMind credentials found in the configuration file! GeoIp protections will be disabled.
[05-30 13:20:11]: [INFO] There is no newer GEO IP database uploaded to MaxMind. Using the old one for now.
[05-30 13:20:11]: [WARN] Could not download GeoLiteAPI database [FileNotFoundException]: plugins/AuthMe/GeoLite2-Country.mmdb (No such file or directory)
[05-30 13:20:11]: java.io.FileNotFoundException: plugins/AuthMe/GeoLite2-Country.mmdb (No such file or directory)
	at java.base/java.io.RandomAccessFile.open0(Native Method)
	at java.base/java.io.RandomAccessFile.open(RandomAccessFile.java:344)
	at java.base/java.io.RandomAccessFile.<init>(RandomAccessFile.java:259)
	at java.base/java.io.RandomAccessFile.<init>(RandomAccessFile.java:213)
	at fr.xephi.authme.libs.com.maxmind.db.BufferHolder.<init>(BufferHolder.java:20)
	at fr.xephi.authme.libs.com.maxmind.db.Reader.<init>(Reader.java:121)
	at fr.xephi.authme.service.GeoIpService.startReading(GeoIpService.java:179)
	at fr.xephi.authme.service.GeoIpService.updateDatabase(GeoIpService.java:150)
	at org.bukkit.craftbukkit.v1_19_R2.scheduler.CraftTask.run(CraftTask.java:82)
	at org.bukkit.craftbukkit.v1_19_R2.scheduler.CraftAsyncTask.run(CraftAsyncTask.java:54)
	at java.base/java.util.concurrent.ThreadPoolExecutor.runWorker(ThreadPoolExecutor.java:1136)
	at java.base/java.util.concurrent.ThreadPoolExecutor$Worker.run(ThreadPoolExecutor.java:635)
	at java.base/java.lang.Thread.run(Thread.java:840)

[05-30 13:34:13]: [FINE] ne_puzir logged in 212.248.89.198
[05-30 13:35:31]: [FINE] ne_puzir logged in 212.248.89.198
[05-30 13:36:56]: [FINE] The user ne_puzir has 2 accounts:
[05-30 13:36:56]: [FINE] §7§ane_puzir§7, vladnavalny.
[05-30 13:36:56]: [FINE] ne_puzir logged in 45.137.112.255
[05-30 15:49:59]: [FINE] ne_puzir logged in 212.248.89.194
[05-30 16:03:51]: [INFO] AuthMe 5.6.0-SNAPSHOT-b2623 disabled!
[05-30 16:04:03]: [INFO] SQLite Setup finished
[05-30 16:04:03]: [INFO] Hooked into PermissionsEx!
[05-30 16:04:03]: [INFO] Hooked successfully into Essentials
[05-30 16:04:03]: [INFO] Hooked successfully into Multiverse-Core
[05-30 16:04:03]: [INFO] Essentials spawn file not found: '/home/container/plugins/Essentials/spawn.yml'
[05-30 16:04:03]: [INFO] AuthMe 5.6.0-SNAPSHOT build n.2623 successfully enabled!
[05-30 16:04:04]: [INFO] Downloading GEO IP database, because the old database is older than 30 days or doesn't exist
[05-30 16:04:04]: [WARN] No MaxMind credentials found in the configuration file! GeoIp protections will be disabled.
[05-30 16:04:04]: [INFO] There is no newer GEO IP database uploaded to MaxMind. Using the old one for now.
[05-30 16:04:04]: [WARN] Could not download GeoLiteAPI database [FileNotFoundException]: plugins/AuthMe/GeoLite2-Country.mmdb (No such file or directory)
[05-30 16:04:04]: java.io.FileNotFoundException: plugins/AuthMe/GeoLite2-Country.mmdb (No such file or directory)
	at java.base/java.io.RandomAccessFile.open0(Native Method)
	at java.base/java.io.RandomAccessFile.open(RandomAccessFile.java:344)
	at java.base/java.io.RandomAccessFile.<init>(RandomAccessFile.java:259)
	at java.base/java.io.RandomAccessFile.<init>(RandomAccessFile.java:213)
	at fr.xephi.authme.libs.com.maxmind.db.BufferHolder.<init>(BufferHolder.java:20)
	at fr.xephi.authme.libs.com.maxmind.db.Reader.<init>(Reader.java:121)
	at fr.xephi.authme.service.GeoIpService.startReading(GeoIpService.java:179)
	at fr.xephi.authme.service.GeoIpService.updateDatabase(GeoIpService.java:150)
	at org.bukkit.craftbukkit.v1_19_R2.scheduler.CraftTask.run(CraftTask.java:82)
	at org.bukkit.craftbukkit.v1_19_R2.scheduler.CraftAsyncTask.run(CraftAsyncTask.java:54)
	at java.base/java.util.concurrent.ThreadPoolExecutor.runWorker(ThreadPoolExecutor.java:1136)
	at java.base/java.util.concurrent.ThreadPoolExecutor$Worker.run(ThreadPoolExecutor.java:635)
	at java.base/java.lang.Thread.run(Thread.java:840)

[05-30 16:05:23]: [FINE] ne_puzir logged in 212.248.89.194
[05-30 16:08:02]: [FINE] ne_puzir logged in 212.248.89.194
[05-30 16:13:31]: [FINE] ne_puzir logged in 212.248.89.194
[05-30 16:19:39]: [FINE] ne_puzir used the wrong password
[05-30 16:19:48]: [FINE] ne_puzir logged in 212.248.89.194
[05-30 16:20:25]: [FINE] ne_puzir logged in 212.248.89.194
[05-30 16:23:46]: [FINE] ne_puzir logged in 212.248.89.194
[05-30 16:24:12]: [FINE] ne_puzir logged in 212.248.89.194
[05-30 16:35:15]: [FINE] vladnavalny logged in 45.137.112.110
[05-30 16:38:38]: [FINE] ne_puzir_test registered 45.137.112.110
[05-30 16:38:38]: [FINE] The user ne_puzir_test has 2 accounts:
[05-30 16:38:38]: [FINE] §7§avladnavalny§7, §ane_puzir_test§7.
[05-30 16:38:38]: [FINE] ne_puzir_test logged in 45.137.112.110
[06-02 12:17:16]: [FINE] Nagalaib registered 37.214.48.122
[06-02 12:17:16]: [FINE] Nagalaib logged in 37.214.48.122
